<?xml version="1.0" encoding="UTF-8"?>
<!-- Generated by org.testng.reporters.JUnitReportReporter -->
<testsuite hostname="Maria" failures="0" tests="3" name="TestNG_Class.ExTest" time="0.021" errors="0" timestamp="2023-10-29T07:36:44 EDT" skipped="0">
  <testcase classname="TestNG_Class.ExTest" name="tc2_Registratin_vatidation" time="0.019"/>
  <testcase classname="TestNG_Class.ExTest" name="tc3" time="0.001"/>
  <testcase classname="TestNG_Class.ExTest" name="tci_validate_login_funtionality" time="0.001"/>
</testsuite> <!-- TestNG_Class.ExTest -->
