<?xml version="1.0" encoding="UTF-8"?>
<!-- Generated by org.testng.reporters.JUnitReportReporter -->
<testsuite hostname="Maria" failures="0" tests="3" name="TestNG_Class.ExTest" time="0.016" errors="0" timestamp="2023-10-27T10:25:27 EDT" skipped="0">
  <testcase classname="TestNG_Class.ExTest" name="tc3" time="0.001"/>
  <testcase classname="TestNG_Class.ExTest" name="tc2_Registratin_vatidation" time="0.015"/>
  <testcase classname="TestNG_Class.ExTest" name="tci_validate_login_funtionality" time="0.000"/>
</testsuite> <!-- TestNG_Class.ExTest -->
